Building DAG of jobs...
Using shell: /bin/bash
Provided cores: 1 (use --cores to define parallelism)
Rules claiming more threads will be scaled down.
Job counts:
	count	jobs
	2	count
	2

[Wed Jan 29 18:52:13 2020]
rule count:
    input: /mnt/c/Users/dtuma/Github/mg_test/reads/raw/p136N_R1.fastq.gz
    output: /mnt/c/Users/dtuma/Github/mg_test/profile/raw/p136N/p136N_R1.count
    jobid: 0
    wildcards: fs_prefix=/mnt/c/Users/dtuma/Github, df=mg_test, preproc=raw, sample=p136N, strand=R1

[Wed Jan 29 18:52:15 2020]
Finished job 0.
1 of 2 steps (50%) done

[Wed Jan 29 18:52:15 2020]
rule count:
    input: /mnt/c/Users/dtuma/Github/mg_test/reads/raw/p136N_R2.fastq.gz
    output: /mnt/c/Users/dtuma/Github/mg_test/profile/raw/p136N/p136N_R2.count
    jobid: 1
    wildcards: fs_prefix=/mnt/c/Users/dtuma/Github, df=mg_test, preproc=raw, sample=p136N, strand=R2

[Wed Jan 29 18:52:16 2020]
Finished job 1.
2 of 2 steps (100%) done
Complete log: /mnt/c/Users/dtuma/Github/assnake-core-preprocessing/.snakemake/log/2020-01-29T185213.472260.snakemake.log
